2023-08-02T20:22:01.677Z [delivery-api] info: API started read
2023-08-02T20:25:17.289Z [delivery-api] info: POST /account - {"id":501,"cliente":"Gabriel Moreira","produto":"Pizza Moda","valor":29,"entregue":false}
2023-08-02T20:25:17.713Z [delivery-api] info: API started read
2023-08-02T20:25:40.639Z [delivery-api] info: API started read
2023-08-02T20:27:53.950Z [delivery-api] info: API started read
2023-08-02T20:28:14.543Z [delivery-api] info: API started read
2023-08-02T20:28:17.971Z [delivery-api] info: API started read
2023-08-02T20:28:22.824Z [delivery-api] info: POST /account - {"id":501,"cliente":"Gabriel Moreira","produto":"Pizza Moda","valor":29,"entregue":false,"timestamp":"2023-08-02T20:28:22.817Z"}
2023-08-02T20:28:23.251Z [delivery-api] info: API started read
2023-08-02T20:36:01.129Z [delivery-api] info: API started read
2023-08-02T20:36:39.209Z [delivery-api] info: API started read
2023-08-02T21:56:53.474Z [delivery-api] info: API started read
2023-08-02T21:56:57.090Z [delivery-api] error: PUT /pedido - Formato invalido, cliente valor e produto são obrigatorios
2023-08-02T21:57:15.414Z [delivery-api] info: API started read
2023-08-02T21:57:18.214Z [delivery-api] info: API started read
2023-08-02T21:57:19.831Z [delivery-api] error: PUT /pedido - Dlobal is not defined
2023-08-02T21:57:43.273Z [delivery-api] info: API started read
2023-08-02T21:57:54.120Z [delivery-api] info: API started read
2023-08-02T21:57:57.824Z [delivery-api] error: PUT /pedido - Registro não encontrado
2023-08-02T21:58:30.458Z [delivery-api] info: PUT /pedido - {"id":501,"cliente":"Gabriel Moreira","produto":"Pizza Moda","valor":29,"entregue":true}
2023-08-02T21:58:31.058Z [delivery-api] info: API started read
2023-08-02T21:58:55.616Z [delivery-api] info: API started read
2023-08-02T21:59:04.866Z [delivery-api] info: PUT /pedido - {"id":501,"cliente":"Gabriel Moreira","produto":"Pizza Moda","valor":29,"entregue":true}
2023-08-02T21:59:05.469Z [delivery-api] info: API started read
2023-08-02T21:59:29.440Z [delivery-api] info: API started read
2023-08-02T21:59:42.117Z [delivery-api] info: API started read
2023-08-02T21:59:52.431Z [delivery-api] info: PUT /pedido - {"id":501,"cliente":"Gabriel Moreira","produto":"Pizza Moda","valor":29,"entregue":true}
2023-08-02T21:59:53.036Z [delivery-api] info: API started read
2023-08-02T21:59:59.713Z [delivery-api] info: API started read
2023-08-02T22:05:13.905Z [delivery-api] info: API started read
2023-08-02T22:05:20.344Z [delivery-api] info: API started read
2023-08-02T22:05:24.965Z [delivery-api] info: API started read
2023-08-02T22:05:37.116Z [delivery-api] info: API started read
2023-08-02T22:05:47.840Z [delivery-api] info: API started read
2023-08-02T22:05:52.174Z [delivery-api] info: API started read
2023-08-02T22:06:11.316Z [delivery-api] info: API started read
2023-08-02T22:06:16.121Z [delivery-api] info: API started read
2023-08-02T22:06:20.235Z [delivery-api] info: API started read
2023-08-02T22:06:22.928Z [delivery-api] info: API started read
2023-08-02T22:06:28.049Z [delivery-api] info: API started read
2023-08-02T22:06:30.679Z [delivery-api] info: API started read
2023-08-02T22:07:47.555Z [delivery-api] info: API started read
2023-08-02T22:07:55.051Z [delivery-api] info: API started read
2023-08-02T22:08:00.356Z [delivery-api] info: API started read
2023-08-02T22:08:02.942Z [delivery-api] info: API started read
2023-08-02T22:09:33.748Z [delivery-api] info: PATCH /pedido/updateBalance - {"id":501,"entregue":false}
2023-08-02T22:09:34.332Z [delivery-api] info: API started read
2023-08-02T22:09:47.444Z [delivery-api] info: API started read
2023-08-02T22:10:12.904Z [delivery-api] info: API started read
2023-08-02T22:10:14.196Z [delivery-api] info: API started read
2023-08-02T22:10:15.998Z [delivery-api] info: PATCH /pedido/updateBalance - {"id":501,"entregue":false}
2023-08-02T22:10:16.593Z [delivery-api] info: API started read
2023-08-02T22:10:23.977Z [delivery-api] info: API started read
2023-08-02T22:11:13.594Z [delivery-api] info: API started read
2023-08-02T22:11:15.106Z [delivery-api] info: API started read
2023-08-02T22:11:41.794Z [delivery-api] info: API started read
2023-08-02T22:12:56.209Z [delivery-api] info: DELETE /pedido/:id - 501
2023-08-02T22:12:56.718Z [delivery-api] info: API started read
2023-08-02T22:13:10.939Z [delivery-api] info: API started read
2023-08-02T22:13:13.501Z [delivery-api] info: API started read
2023-08-02T22:13:16.012Z [delivery-api] info: DELETE /pedido/:id - 501
2023-08-02T22:13:16.627Z [delivery-api] info: API started read
2023-08-02T22:13:22.279Z [delivery-api] info: API started read
2023-08-02T22:13:39.688Z [delivery-api] info: API started read
2023-08-02T22:13:44.193Z [delivery-api] info: API started read
2023-08-02T22:13:45.546Z [delivery-api] info: API started read
2023-08-02T22:13:47.351Z [delivery-api] info: API started read
2023-08-02T22:13:48.821Z [delivery-api] info: API started read
2023-08-02T22:14:05.866Z [delivery-api] info: API started read
2023-08-02T22:14:07.326Z [delivery-api] info: API started read
2023-08-02T22:14:21.002Z [delivery-api] info: API started read
2023-08-02T22:16:28.788Z [delivery-api] info: API started read
2023-08-02T22:16:44.980Z [delivery-api] info: API started read
2023-08-02T22:17:47.898Z [delivery-api] info: GET /pedido/:id 
2023-08-03T16:43:51.419Z [delivery-api] info: API started read
2023-08-03T16:44:12.411Z [delivery-api] info: API started read
2023-08-03T16:45:04.883Z [delivery-api] info: GET /pedido/:id 
2023-08-03T16:45:13.081Z [delivery-api] info: GET /pedido/:id 
2023-08-03T16:45:29.029Z [delivery-api] info: API started read
2023-08-03T16:45:49.299Z [delivery-api] info: GET /pedido/:cliente 
2023-08-03T16:45:49.301Z [delivery-api] error: GET /pedido - Invalid status code: 0
2023-08-03T16:46:03.537Z [delivery-api] info: GET /pedido/:cliente 
2023-08-03T16:46:03.538Z [delivery-api] error: GET /pedido - Invalid status code: 0
2023-08-03T16:46:05.348Z [delivery-api] info: GET /pedido/:cliente 
2023-08-03T16:46:05.349Z [delivery-api] error: GET /pedido - Invalid status code: 0
2023-08-03T16:54:49.618Z [delivery-api] info: API started read
2023-08-03T16:54:50.921Z [delivery-api] info: API started read
2023-08-03T16:54:55.154Z [delivery-api] info: API started read
2023-08-03T16:54:57.588Z [delivery-api] info: API started read
2023-08-03T16:55:32.116Z [delivery-api] info: API started read
2023-08-03T16:55:33.287Z [delivery-api] info: API started read
2023-08-03T16:55:49.100Z [delivery-api] info: API started read
2023-08-03T16:55:53.316Z [delivery-api] info: API started read
2023-08-03T16:56:02.221Z [delivery-api] info: API started read
2023-08-03T16:56:17.210Z [delivery-api] info: API started read
2023-08-03T16:56:48.787Z [delivery-api] info: GET /pedido/:id 
2023-08-03T16:58:58.944Z [delivery-api] info: API started read
2023-08-03T16:59:00.798Z [delivery-api] info: API started read
2023-08-03T16:59:05.379Z [delivery-api] info: API started read
2023-08-03T16:59:41.319Z [delivery-api] info: GET /pedido/:cliente 
2023-08-03T16:59:41.322Z [delivery-api] error: GET /pedido - Invalid status code: 0
2023-08-03T17:02:31.888Z [delivery-api] info: API started read
2023-08-03T17:03:11.110Z [delivery-api] info: API started read
2023-08-03T17:03:13.707Z [delivery-api] info: API started read
2023-08-03T17:03:17.582Z [delivery-api] info: API started read
2023-08-03T17:11:27.383Z [delivery-api] info: API started read
2023-08-03T17:11:28.953Z [delivery-api] error: POST /pedido - pedido is not defined
2023-08-03T17:13:28.627Z [delivery-api] info: POST /pedido - {"id":502,"cliente":"Gabriel Moreira","produto":"Pizza Moda","valor":29,"entregue":false,"timestamp":"2023-08-03T17:13:28.626Z"}
2023-08-03T17:13:29.019Z [delivery-api] info: API started read
2023-08-03T17:13:44.895Z [delivery-api] error: POST /pedido - pedido is not defined
2023-08-03T17:13:46.123Z [delivery-api] error: POST /pedido - pedido is not defined
2023-08-03T17:13:46.667Z [delivery-api] error: POST /pedido - pedido is not defined
2023-08-03T17:13:47.078Z [delivery-api] error: POST /pedido - pedido is not defined
2023-08-03T17:13:47.261Z [delivery-api] error: POST /pedido - pedido is not defined
2023-08-03T17:13:47.443Z [delivery-api] error: POST /pedido - pedido is not defined
2023-08-03T17:13:47.611Z [delivery-api] error: POST /pedido - pedido is not defined
2023-08-03T17:13:47.773Z [delivery-api] error: POST /pedido - pedido is not defined
2023-08-03T17:13:47.954Z [delivery-api] error: POST /pedido - pedido is not defined
2023-08-03T17:13:48.100Z [delivery-api] error: POST /pedido - pedido is not defined
2023-08-03T17:14:39.996Z [delivery-api] info: API started read
2023-08-03T17:14:41.579Z [delivery-api] info: API started read
2023-08-03T17:15:00.004Z [delivery-api] error: POST /pedido - Cannot read properties of undefined (reading 'reduce')
2023-08-03T17:15:35.775Z [delivery-api] info: API started read
2023-08-03T17:16:14.979Z [delivery-api] info: API started read
2023-08-03T17:16:19.025Z [delivery-api] info: API started read
2023-08-03T17:16:30.930Z [delivery-api] info: API started read
2023-08-03T17:16:35.650Z [delivery-api] info: API started read
2023-08-03T17:16:36.308Z [delivery-api] info: GET /totalCliente 
2023-08-03T17:16:36.310Z [delivery-api] error: POST /pedido - Invalid status code: 0
2023-08-03T17:21:32.061Z [delivery-api] info: API started read
